[ 2016-06-06T08:52:21+08:00 ] ::1 /tp/index.php/Admin/Login/loginHandle.html
ERR: 1064:You have an error in your SQL syntax; check the manual that corresponds to your MySQL server version for the right syntax to use near 'WHERE `id` = 1' at line 1
 [ SQL语句 ] : UPDATE `think_user` SET  WHERE `id` = 1

[ 2016-06-06T08:54:59+08:00 ] ::1 /tp/index.php/Admin/Login/loginHandle.html
ERR: 1146:Table 'rbac.think_user' doesn't exist
 [ SQL语句 ] : SHOW COLUMNS FROM `think_user`

[ 2016-06-06T08:55:08+08:00 ] ::1 /tp/index.php/Admin/Login/loginHandle.html
ERR: 1146:Table 'rbac.think_user' doesn't exist
 [ SQL语句 ] : SHOW COLUMNS FROM `think_user`

[ 2016-06-06T09:07:24+08:00 ] ::1 /tp/index.php/Admin/Rbac/addNode
ERR: XML标签语法错误 : offset="1" length='<?php echo ($vo["level"]); ?

[ 2016-06-06T09:18:42+08:00 ] ::1 /tp/index.php/Admin/Rbac/deleteNode?id=125
ERR: 非法操作:deleteNode

[ 2016-06-06T11:00:24+08:00 ] ::1 /tp/index.php/Admin/Index/xxx
ERR: 非法操作:xxx

[ 2016-06-06T11:01:02+08:00 ] ::1 /tp/index.php/Admin/Index/xxx
ERR: 非法操作:xxx

[ 2016-06-06T11:01:09+08:00 ] ::1 /tp/index.php/Admin/Index/xxx
ERR: 非法操作:xxx

[ 2016-06-06T14:38:24+08:00 ] ::1 /tp/index.php/Admin/Rbac/accessList?rid=2
ERR: Think\Model:getFiled方法不存在！

[ 2016-06-06T14:38:38+08:00 ] ::1 /tp/index.php/Admin/Rbac/accessList?rid=2
ERR: 1054:Unknown column '$rid' in 'where clause'
 [ SQL语句 ] : SELECT `name` FROM `think_role` WHERE ( id=$rid ) LIMIT 1  

[ 2016-06-06T14:58:27+08:00 ] ::1 /tp/index.php/Admin/Rbac/accessHandler
INFO: [ app_begin ] --START--
INFO: Run Behavior\ReadHtmlCacheBehavior [ RunTime:0.001000s ]
INFO: [ app_begin ] --END-- [ RunTime:0.001000s ]
NOTIC: [8] Undefined index: bb3783fe865fcd30209f193d7ee8e220 D:\app\phpstudy2014\WWW\tp\ThinkPHP\Library\Org\Util\Rbac.class.php 第 170 行.

[ 2016-06-06T14:59:52+08:00 ] ::1 /tp/index.php/Admin/Rbac/accessHandler
INFO: [ app_begin ] --START--
INFO: Run Behavior\ReadHtmlCacheBehavior [ RunTime:0.001000s ]
INFO: [ app_begin ] --END-- [ RunTime:0.001000s ]
SQL: SHOW COLUMNS FROM `think_access` [ RunTime:0.0040s ]
SQL: DELETE FROM `think_access` WHERE ( role_id = 2 ) [ RunTime:0.0000s ]
SQL: INSERT INTO `think_access` (`role_id`,`node_id`) VALUES ('2','0'),('2','0'),('2','0'),('2','0'),('2','0'),('2','0'),('2','0'),('2','0'),('2','0'),('2','0') [ RunTime:0.0010s ]

[ 2016-06-06T15:03:08+08:00 ] ::1 /tp/index.php/Admin/Rbac/accessHandler
INFO: [ app_begin ] --START--
INFO: Run Behavior\ReadHtmlCacheBehavior [ RunTime:0.000000s ]
INFO: [ app_begin ] --END-- [ RunTime:0.000000s ]
SQL: SHOW COLUMNS FROM `think_access` [ RunTime:0.0000s ]
SQL: DELETE FROM `think_access` WHERE ( role_id = 2 ) [ RunTime:0.0000s ]
SQL: INSERT INTO `think_access` (`role_id`,`node_id`) VALUES ('2','1'),('2','2'),('2','3'),('2','4'),('2','5'),('2','6'),('2','7'),('2','8'),('2','9'),('2','10'),('2','11') [ RunTime:0.0000s ]

[ 2016-06-06T15:05:11+08:00 ] ::1 /tp/index.php/Admin/Rbac/accessHandler
INFO: [ app_begin ] --START--
INFO: Run Behavior\ReadHtmlCacheBehavior [ RunTime:0.001000s ]
INFO: [ app_begin ] --END-- [ RunTime:0.001000s ]
NOTIC: [8] Undefined index: bb3783fe865fcd30209f193d7ee8e220 D:\app\phpstudy2014\WWW\tp\ThinkPHP\Library\Org\Util\Rbac.class.php 第 170 行.

[ 2016-06-06T15:05:51+08:00 ] ::1 /tp/index.php/Admin/Rbac/accessHandler
INFO: [ app_begin ] --START--
INFO: Run Behavior\ReadHtmlCacheBehavior [ RunTime:0.001000s ]
INFO: [ app_begin ] --END-- [ RunTime:0.001000s ]
SQL: SHOW COLUMNS FROM `think_access` [ RunTime:0.0030s ]
SQL: DELETE FROM `think_access` WHERE ( role_id = 2 ) [ RunTime:0.0000s ]

[ 2016-06-06T15:26:22+08:00 ] ::1 /tp/index.php/Admin/Rbac/accessHandler
INFO: [ app_begin ] --START--
INFO: Run Behavior\ReadHtmlCacheBehavior [ RunTime:0.001000s ]
INFO: [ app_begin ] --END-- [ RunTime:0.001000s ]
SQL: SHOW COLUMNS FROM `think_access` [ RunTime:0.0030s ]
SQL: DELETE FROM `think_access` WHERE ( role_id = 2 ) [ RunTime:0.0000s ]
SQL: INSERT INTO `think_access` (`role_id`,`node_id`) VALUES ('2','1'),('2','11'),('2','126'),('2','111'),('2','112'),('2','113'),('2','114'),('2','115'),('2','116') [ RunTime:0.0010s ]

[ 2016-06-06T15:26:58+08:00 ] ::1 /tp/index.php/Admin/Rbac/accessHandler
INFO: [ app_begin ] --START--
INFO: Run Behavior\ReadHtmlCacheBehavior [ RunTime:0.001000s ]
INFO: [ app_begin ] --END-- [ RunTime:0.001000s ]
NOTIC: [8] Undefined index: bb3783fe865fcd30209f193d7ee8e220 D:\app\phpstudy2014\WWW\tp\ThinkPHP\Library\Org\Util\Rbac.class.php 第 170 行.

[ 2016-06-06T15:27:26+08:00 ] ::1 /tp/index.php/Admin/Rbac/accessHandler
INFO: [ app_begin ] --START--
INFO: Run Behavior\ReadHtmlCacheBehavior [ RunTime:0.001000s ]
INFO: [ app_begin ] --END-- [ RunTime:0.001000s ]
NOTIC: [8] Undefined index: bb3783fe865fcd30209f193d7ee8e220 D:\app\phpstudy2014\WWW\tp\ThinkPHP\Library\Org\Util\Rbac.class.php 第 170 行.

[ 2016-06-06T15:27:53+08:00 ] ::1 /tp/index.php/Admin/Rbac/userList.html
ERR: 1146:Table 'rbac.think_user_relation' doesn't exist
 [ SQL语句 ] : SHOW COLUMNS FROM `think_user_relation`

[ 2016-06-06T15:52:03+08:00 ] ::1 /tp/index.php/Admin/Rbac/accessHandler
INFO: [ app_begin ] --START--
INFO: Run Behavior\ReadHtmlCacheBehavior [ RunTime:0.000000s ]
INFO: [ app_begin ] --END-- [ RunTime:0.000000s ]
SQL: SHOW COLUMNS FROM `think_access` [ RunTime:0.0156s ]
SQL: DELETE FROM `think_access` WHERE ( role_id = 2 ) [ RunTime:0.0000s ]
SQL: INSERT INTO `think_access` (`role_id`,`node_id`) VALUES ('2','1'),('2','11'),('2','126'),('2','111'),('2','112'),('2','113'),('2','114'),('2','115'),('2','116'),('2','12'),('2','124') [ RunTime:0.0000s ]

[ 2016-06-06T15:52:07+08:00 ] ::1 /tp/index.php/Admin/Rbac/accessHandler
INFO: [ app_begin ] --START--
INFO: Run Behavior\ReadHtmlCacheBehavior [ RunTime:0.001000s ]
INFO: [ app_begin ] --END-- [ RunTime:0.002000s ]
SQL: SHOW COLUMNS FROM `think_access` [ RunTime:0.0000s ]
SQL: DELETE FROM `think_access` WHERE ( role_id = 2 ) [ RunTime:0.0000s ]
SQL: INSERT INTO `think_access` (`role_id`,`node_id`) VALUES ('2','1'),('2','11'),('2','126'),('2','111'),('2','112'),('2','113'),('2','114'),('2','115'),('2','116'),('2','12'),('2','124') [ RunTime:0.0000s ]

[ 2016-06-06T15:52:19+08:00 ] ::1 /tp/index.php/Admin/Article/articleList
ERR: 无法加载控制器:Article

[ 2016-06-06T15:55:53+08:00 ] ::1 /tp/index.php/Admin/Article/articleList
ERR: 无法加载控制器:Article

[ 2016-06-06T15:55:56+08:00 ] ::1 /tp/index.php/Admin/Rbac/userList
ERR: 1146:Table 'rbac.think_user_relation' doesn't exist
 [ SQL语句 ] : SHOW COLUMNS FROM `think_user_relation`

[ 2016-06-06T15:56:17+08:00 ] ::1 /tp/index.php/Admin/Rbac/accessHandler
INFO: [ app_begin ] --START--
INFO: Run Behavior\ReadHtmlCacheBehavior [ RunTime:0.001000s ]
INFO: [ app_begin ] --END-- [ RunTime:0.001000s ]
NOTIC: [8] Undefined index: bb3783fe865fcd30209f193d7ee8e220 D:\app\phpstudy2014\WWW\tp\ThinkPHP\Library\Org\Util\Rbac.class.php 第 170 行.

[ 2016-06-06T16:01:05+08:00 ] ::1 /tp/index.php/Admin/Rbac/accessHandler
INFO: [ app_begin ] --START--
INFO: Run Behavior\ReadHtmlCacheBehavior [ RunTime:0.001000s ]
INFO: [ app_begin ] --END-- [ RunTime:0.001000s ]
NOTIC: [8] Undefined index: bb3783fe865fcd30209f193d7ee8e220 D:\app\phpstudy2014\WWW\tp\ThinkPHP\Library\Org\Util\Rbac.class.php 第 170 行.

[ 2016-06-06T16:09:21+08:00 ] ::1 /tp/index.php/Admin/Rbac/accessHandler
INFO: [ app_begin ] --START--
INFO: Run Behavior\ReadHtmlCacheBehavior [ RunTime:0.000000s ]
INFO: [ app_begin ] --END-- [ RunTime:0.001000s ]

[ 2016-06-06T16:09:25+08:00 ] ::1 /tp/index.php/Admin/Rbac/accessHandler
INFO: [ app_begin ] --START--
INFO: Run Behavior\ReadHtmlCacheBehavior [ RunTime:0.000000s ]
INFO: [ app_begin ] --END-- [ RunTime:0.002000s ]

[ 2016-06-06T16:09:43+08:00 ] ::1 /tp/index.php/Admin/Rbac/accessHandler
INFO: [ app_begin ] --START--
INFO: Run Behavior\ReadHtmlCacheBehavior [ RunTime:0.001000s ]
INFO: [ app_begin ] --END-- [ RunTime:0.001000s ]

[ 2016-06-06T16:10:07+08:00 ] ::1 /tp/index.php/Admin/Rbac/accessHandler
INFO: [ app_begin ] --START--
INFO: Run Behavior\ReadHtmlCacheBehavior [ RunTime:0.000000s ]
INFO: [ app_begin ] --END-- [ RunTime:0.001000s ]

[ 2016-06-06T16:11:30+08:00 ] ::1 /tp/index.php/Admin/Rbac/accessHandler
INFO: [ app_begin ] --START--
INFO: Run Behavior\ReadHtmlCacheBehavior [ RunTime:0.001000s ]
INFO: [ app_begin ] --END-- [ RunTime:0.001000s ]
SQL: SHOW COLUMNS FROM `think_access` [ RunTime:0.0040s ]
SQL: DELETE FROM `think_access` WHERE ( role_id = 2 ) [ RunTime:0.0010s ]
SQL: INSERT INTO `think_access` (`role_id`,`node_id`) VALUES ('2','1'),('2','11'),('2','126'),('2','111'),('2','112'),('2','113'),('2','114'),('2','115'),('2','116'),('2','12'),('2','124'),('2','121') [ RunTime:0.0000s ]

[ 2016-06-06T16:11:39+08:00 ] ::1 /tp/index.php/Admin/Rbac/accessHandler
INFO: [ app_begin ] --START--
INFO: Run Behavior\ReadHtmlCacheBehavior [ RunTime:0.000000s ]
INFO: [ app_begin ] --END-- [ RunTime:0.001000s ]
SQL: SHOW COLUMNS FROM `think_access` [ RunTime:0.0030s ]
SQL: DELETE FROM `think_access` WHERE ( role_id = 2 ) [ RunTime:0.0010s ]
SQL: INSERT INTO `think_access` (`role_id`,`node_id`) VALUES ('2','1'),('2','11'),('2','126'),('2','111'),('2','112'),('2','113'),('2','114'),('2','115'),('2','116'),('2','12'),('2','124'),('2','121'),('2','122') [ RunTime:0.0020s ]

[ 2016-06-06T16:13:58+08:00 ] ::1 /tp/index.php/Admin/Rbac/accessHandler
INFO: [ app_begin ] --START--
INFO: Run Behavior\ReadHtmlCacheBehavior [ RunTime:0.001000s ]
INFO: [ app_begin ] --END-- [ RunTime:0.001000s ]
SQL: SHOW COLUMNS FROM `think_access` [ RunTime:0.0040s ]
SQL: DELETE FROM `think_access` WHERE ( role_id = 2 ) [ RunTime:0.0010s ]
SQL: INSERT INTO `think_access` (`role_id`,`node_id`) VALUES ('2','1'),('2','11'),('2','126'),('2','111'),('2','112'),('2','113'),('2','114'),('2','115'),('2','116'),('2','12'),('2','124'),('2','121') [ RunTime:0.0010s ]

[ 2016-06-06T16:14:21+08:00 ] ::1 /tp/index.php/Admin/Rbac/accessHandler
INFO: [ app_begin ] --START--
INFO: Run Behavior\ReadHtmlCacheBehavior [ RunTime:0.001000s ]
INFO: [ app_begin ] --END-- [ RunTime:0.002000s ]
SQL: SHOW COLUMNS FROM `think_access` [ RunTime:0.0030s ]
SQL: DELETE FROM `think_access` WHERE ( role_id = 2 ) [ RunTime:0.0000s ]
SQL: INSERT INTO `think_access` (`role_id`,`node_id`) VALUES ('2','1'),('2','11'),('2','126'),('2','111'),('2','112'),('2','113'),('2','114'),('2','115'),('2','116'),('2','12'),('2','124'),('2','121'),('2','122') [ RunTime:0.0010s ]

[ 2016-06-06T16:14:30+08:00 ] ::1 /tp/index.php/Admin/Rbac/accessHandler
INFO: [ app_begin ] --START--
INFO: Run Behavior\ReadHtmlCacheBehavior [ RunTime:0.000000s ]
INFO: [ app_begin ] --END-- [ RunTime:0.001000s ]
SQL: SHOW COLUMNS FROM `think_access` [ RunTime:0.0030s ]
SQL: DELETE FROM `think_access` WHERE ( role_id = 2 ) [ RunTime:0.0000s ]
SQL: INSERT INTO `think_access` (`role_id`,`node_id`) VALUES ('2','1'),('2','11'),('2','126'),('2','111'),('2','112'),('2','113'),('2','114'),('2','115'),('2','116'),('2','12'),('2','124'),('2','121'),('2','122'),('2','123') [ RunTime:0.0000s ]

[ 2016-06-06T16:22:21+08:00 ] ::1 /tp/index.php/Admin/Rbac/accessHandler
INFO: [ app_begin ] --START--
INFO: Run Behavior\ReadHtmlCacheBehavior [ RunTime:0.001000s ]
INFO: [ app_begin ] --END-- [ RunTime:0.005000s ]
SQL: SHOW COLUMNS FROM `think_access` [ RunTime:0.0070s ]
SQL: DELETE FROM `think_access` WHERE ( role_id = 2 ) [ RunTime:0.0000s ]
SQL: INSERT INTO `think_access` (`role_id`,`node_id`) VALUES ('2','1'),('2','11'),('2','111'),('2','112'),('2','113'),('2','114'),('2','115'),('2','116'),('2','12'),('2','124'),('2','121') [ RunTime:0.0000s ]

[ 2016-06-06T16:36:31+08:00 ] ::1 /tp/index.php/Admin/Rbac/userList.html
ERR: 1146:Table 'rbac.think_user_relation' doesn't exist
 [ SQL语句 ] : SHOW COLUMNS FROM `think_user_relation`

[ 2016-06-06T16:36:32+08:00 ] ::1 /tp/index.php/Admin/Rbac/userList.html
ERR: 1146:Table 'rbac.think_user_relation' doesn't exist
 [ SQL语句 ] : SHOW COLUMNS FROM `think_user_relation`

[ 2016-06-06T17:11:31+08:00 ] ::1 /tp/index.php/Admin/Rbac/accessHandler
INFO: [ app_begin ] --START--
INFO: Run Behavior\ReadHtmlCacheBehavior [ RunTime:0.001000s ]
INFO: [ app_begin ] --END-- [ RunTime:0.002000s ]
SQL: SHOW COLUMNS FROM `think_access` [ RunTime:0.0040s ]
SQL: DELETE FROM `think_access` WHERE ( role_id = 9 ) [ RunTime:0.0010s ]
SQL: INSERT INTO `think_access` (`role_id`,`node_id`) VALUES ('9','1'),('9','11'),('9','111'),('9','112'),('9','113'),('9','114'),('9','115'),('9','116'),('9','128'),('9','129'),('9','130'),('9','131'),('9','132'),('9','133'),('9','135'),('9','134'),('9','12'),('9','124'),('9','121'),('9','122'),('9','123') [ RunTime:0.0000s ]

[ 2016-06-06T17:22:42+08:00 ] ::1 /tp/index.php/Admin/Rbac/accessHandler
INFO: [ app_begin ] --START--
INFO: Run Behavior\ReadHtmlCacheBehavior [ RunTime:0.000000s ]
INFO: [ app_begin ] --END-- [ RunTime:0.000000s ]
SQL: SHOW COLUMNS FROM `think_access` [ RunTime:0.0030s ]
SQL: DELETE FROM `think_access` WHERE ( role_id = 9 ) [ RunTime:0.0000s ]
SQL: INSERT INTO `think_access` (`role_id`,`node_id`) VALUES ('9','1'),('9','11'),('9','111'),('9','112'),('9','113'),('9','114'),('9','115'),('9','116'),('9','128'),('9','129'),('9','130'),('9','131'),('9','132'),('9','133'),('9','135'),('9','134'),('9','12'),('9','124'),('9','121'),('9','122') [ RunTime:0.0000s ]

